python2 ../perceptron.py -e1000 -l0.5 -d0 -a tanh -t "../datasets/Iris" -o results/learning-rate-0-0-1000i-iris-tanh.time_vs_error.log
../perceptron.py:300: SyntaxWarning: name 'pop_error' is assigned to before global declaration
  global pop_error
Running with parameters:
------------------------
1000 max epochs
0.02 g_criterion
4 input units and 1 bias unit
4 hidden units
3 output units
learning rate = 0.5
regularization factor = 0.5
momentum = 0.5
decay rate = 0.0
Epoch 100, Population error 0.17
Epoch 200, Population error 0.17
Epoch 300, Population error 0.17
Epoch 400, Population error 0.17
Epoch 500, Population error 0.17
Epoch 600, Population error 0.17
Epoch 700, Population error 0.17
Epoch 800, Population error 0.17
Epoch 900, Population error 0.17
Epoch 1000, Population error 0.17
Input Weights
[[  4.94065646e-324   4.94065646e-324  -4.94065646e-324  -4.94065646e-324]
 [ -4.94065646e-324  -4.94065646e-324  -4.94065646e-324  -4.94065646e-324]
 [  4.94065646e-324   4.94065646e-324   4.94065646e-324  -4.94065646e-324]
 [ -4.94065646e-324   4.94065646e-324  -4.94065646e-324  -4.94065646e-324]
 [ -4.94065646e-324  -4.94065646e-324   4.94065646e-324   4.94065646e-324]]
Output Weights
[[ -4.94065646e-324  -4.94065646e-324  -4.94065646e-324]
 [  4.94065646e-324   4.94065646e-324   4.94065646e-324]
 [  4.94065646e-324   4.94065646e-324   4.94065646e-324]
 [ -4.94065646e-324  -4.94065646e-324  -4.94065646e-324]]
Input activations
[ 0.804  0.502  0.847  0.71 ]
Hidden activations
[ -4.94065646e-324   4.94065646e-324  -4.94065646e-324  -1.48219694e-323]
Epoch 1000, Population error 0.17
0.166666666667 >= 0.02; Error criteion was not reached
