0.00744390487671,53.3820475024
0.0141658782959,52.4602328062
0.0451037883759,53.7868161365
0.0851149559021,52.5479550345
0.0984737873077,52.1810707977
0.133592844009,52.4303086005
0.143466949463,53.1185579193
0.180891990662,53.8248029497
0.197563886642,53.3098482051
0.234670877457,53.8831267832
0.24471783638,53.1418560015
0.275733947754,52.8107970497
0.282518863678,53.064666266
0.294384002686,52.1668228416
0.325361967087,53.2355378523
0.334069013596,53.4424487015
0.343808889389,53.5331176025
0.37479186058,53.1616901021
0.381426811218,54.1150221533
0.387997865677,53.4911071958
0.394544839859,54.3366557914
0.425359964371,53.6060506767
0.431951999664,52.7990852763
0.438576936722,53.5713419533
0.469684839249,53.4034759564
0.476235866547,53.7136214166
0.48276591301,52.6855346213
0.489251852036,52.9002630432
0.520075798035,53.1649014672
0.526677846909,52.3226778608
0.533193826675,53.4775128958
0.564003944397,52.1116515976
0.570636987686,52.7250234173
0.577336788177,52.9258984344
0.58401799202,53.9207299416
0.618661880493,53.1189241094
0.631577014923,53.7624889077
0.664266824722,53.1257571825
0.671093940735,53.6538346183
0.677963972092,52.9480119932
0.715264797211,53.0540178293
0.72238278389,53.0436939531
0.730373859406,52.836692017
0.760493993759,53.5836198359
0.767342805862,53.1551148465
0.774021863937,53.525802396
0.804926872253,53.4395046123
0.817533016205,52.4797907937
0.854955911636,53.2301993476
0.871245861053,53.0124382146
0.905735969543,52.7956116493
0.912518978119,51.9243080505
0.919281959534,53.1954113022
0.925895929337,52.6779980295
0.95721077919,53.9700244632
0.963985919952,53.3797016938
0.997600793839,53.6815585413
1.00425291061,53.1295743136
1.01182198524,53.1882858556
1.04914498329,52.2103989461
1.0628619194,53.8875902067
1.10082793236,52.8536717845
1.10753893852,53.1152677978
1.11417484283,52.5296845624
1.1454539299,53.1740039903
1.15577793121,52.6369268108
1.16336894035,52.9037495703
1.19233489037,52.7593934848
1.20173978806,52.9694559024
1.21015095711,52.9648446173
1.23944497108,52.5503273424
1.24661684036,52.6823172288
1.25367188454,52.0010271758
1.28503894806,52.7698667837
1.29225492477,53.1594817341
1.29937195778,53.0813334687
1.30641078949,52.243696314
1.33774089813,53.4446870699
1.34493494034,53.6444959933
1.35202884674,53.4587853749
1.38337397575,53.5984215148
1.3963098526,52.9730633973
1.42848587036,52.7367373542
1.43569684029,52.9349537835
1.44285178185,53.3851351842
1.44989895821,52.7024772375
1.48172783852,53.7757164694
1.48887181282,52.5623366686
1.49599695206,52.4813143701
1.52740597725,53.5489768113
1.53454089165,53.6278501948
1.5416059494,53.4841484956
1.57619285583,53.7963174437
1.58978486061,53.7014535838
1.62144780159,52.9932018908
1.62872290611,53.7111931927
1.63590288162,53.7563016178
1.66731786728,52.4643454899
1.67453479767,52.9378246369
1.6817908287,53.1247973765
1.68898200989,52.2949820521
1.72936797142,53.6359895402
1.76924085617,53.3071522455
1.78566980362,53.4590689855
1.82573795319,53.6373826621
1.86038088799,53.1680116919
1.87273001671,53.4465203651
1.88010883331,53.5150929985
1.9159078598,53.0248153702
1.92913889885,53.6873867289
1.96661281586,53.1880917708
1.97843980789,53.2296292409
2.01372480392,53.6025047861
2.02401399612,53.2671656533
2.05605483055,53.6905417013
2.06318688393,53.3547262922
2.07034277916,53.3210220277
2.10181593895,52.9485294494
2.10908293724,53.6668948626
2.11626696587,52.7503816139
2.14802789688,53.5104532346
2.15604496002,52.4988580122
2.16460299492,52.7301295625
2.17195296288,53.895268675
2.20001292229,53.2776884274
2.20710492134,52.7591401586
2.21413683891,51.9956953697
2.22122478485,53.4345396522
2.25001192093,52.1679851977
2.25721001625,52.3483980424
2.26436781883,52.9435100563
2.2918138504,52.4217706012
2.29904484749,53.09321175
2.30614900589,53.1155047591
2.31324291229,53.3383296072
2.3406188488,53.2242149998
2.34786200523,53.4363056213
2.35499501228,53.7807771487
2.36210083961,53.6681064724
2.38954401016,53.3751892203
2.39675188065,52.6878868567
2.40384292603,53.9262239881
2.43513894081,53.3117497186
2.44234585762,53.120715571
2.44942688942,53.4198840212
2.45652699471,54.3665166886
2.48820090294,53.1418694392
2.49534201622,53.2739921686
2.50240898132,53.3773532421
2.50948786736,52.9281351931
2.53988289833,52.9376451555
2.54702186584,53.5330440035
2.55409383774,52.8927069464
2.58544397354,52.8851018812
2.59258294106,52.8874526514
2.59967184067,53.332748838
2.63117480278,52.7213252343
2.6383190155,53.7857356254
2.64541101456,53.4255320256
2.65249300003,53.809574954
2.67989993095,52.511810699
2.68787479401,52.9606218455
2.70169591904,52.3107547856
2.73511886597,52.9631966604
2.74295783043,52.6785552651
2.77598500252,53.2886950804
2.78330588341,53.1836722769
2.79042601585,53.1251856754
2.82200479507,52.5719422317
2.82924389839,52.9085068044
2.83662199974,53.0797888455
2.86825084686,53.3978803532
2.87548279762,53.2044485375
2.88283586502,53.9097106207
2.88993191719,53.2210265833
2.9304049015,53.6058793799
2.96979689598,53.7230062682
2.97849082947,53.3078669191
3.01270699501,53.5519220348
3.02387881279,52.9552858022
3.03119492531,53.4628329479
3.06465888023,53.1835905212
3.07201600075,53.4352850141
3.07915282249,52.7533733008
3.11052680016,53.4616624466
3.11768198013,52.7173912113
3.12489295006,53.326222943
3.15625190735,52.3540484036
3.16343379021,53.5284297708
3.17047286034,53.2590219267
3.17757582664,52.6814778688
3.20896697044,52.6040524725
3.21611380577,52.9061862838
3.22320485115,53.3699025048
3.25458192825,52.5902076126
3.26174092293,52.9970132346
3.26884698868,53.2471232144
3.30020189285,52.3707360842
3.30734181404,53.2481172426
3.31439590454,52.854743468
3.32143592834,53.2179955751
3.35783982277,52.4737536728
3.36499881744,52.6247951972
3.39626097679,53.3797671162
3.40345001221,53.5513575721
3.41054201126,53.0712923394
3.41763687134,52.826141999
3.44905591011,52.2328765468
3.45617485046,53.0898068821
3.46327590942,52.7887890342
3.47032785416,52.5297090155
3.4977657795,53.3392901215
3.50491690636,53.582426582
3.51202487946,53.3206604041
3.53934597969,52.8775717603
3.54652190208,53.0083511114
3.55358600616,53.1939291845
3.56066179276,52.7689790037
3.5929479599,53.2043949811
3.60014486313,53.8772318319
3.60728287697,52.8134265011
3.63875579834,52.6992300098
3.64588189125,53.4559476472
3.65294289589,52.6442946889
3.6842508316,54.170295297
3.69144296646,53.7599058888
3.69853782654,52.1601576439
3.70564389229,52.8003557751
3.74434494972,53.359815712
3.75290489197,53.105258114
3.78446388245,53.6875668343
3.79163098335,52.904246837
3.79873180389,53.4394228307
3.83043289185,52.6193921356
3.83756089211,53.4126080955
3.84464883804,52.1900786135
3.87595701218,52.0545596576
3.88318490982,52.8435832847
3.89033579826,52.9371397703
3.89747881889,53.7046258312
3.92888689041,53.4097574207
3.9359998703,52.8507213028
3.94307398796,52.9001117489
3.97441196442,53.1156065566
3.98153591156,53.2624772859
3.98859882355,52.8519477697
4.01991295815,53.6335794551
4.02911186218,53.6188650378
4.03626179695,53.3795042804
4.0679769516,53.3448082206
4.07509589195,52.2141814971
4.08214688301,52.7531417731
4.08918499947,53.2379116196
4.12072682381,53.6034262918
4.12792491913,53.2315593541
4.13509082794,53.0600112128
4.16644191742,53.2148774999
4.17355680466,53.6826761694
4.18060398102,53.1744616552
4.21230196953,51.9975199107
4.21948695183,53.7015079655
4.22691988945,52.8199703513
4.23411893845,53.2638723269
4.26633787155,53.2447164104
4.27348399162,52.6250953679
4.28058981895,52.901079418
4.31197190285,53.0493865068
4.31913495064,53.7793144768
4.32624483109,53.8549985926
4.35768389702,53.2559408695
4.36496281624,53.0756566213
4.37210988998,52.7843246308
4.40380191803,53.1911856566
4.41111898422,52.7045834566
4.41836285591,53.1896734659
4.42562699318,52.8555668865
4.4574239254,52.8365881688
4.46684384346,53.1553057843
4.49964380264,52.9179028687
4.50834393501,52.8306237864
4.51572394371,52.9252642431
4.54725289345,53.4011015941
4.55462384224,53.9017824102
4.56174898148,54.2287659429
4.56888198853,52.8477381368
4.60098099709,52.9838476527
4.60809898376,53.216437028
4.61519098282,53.2988759682
4.64668679237,53.0066690629
4.65374994278,53.0786326908
4.66080594063,53.3371537945
4.69217300415,53.1733786086
4.69935798645,53.1306871674
4.70644497871,53.7606646463
4.71358585358,51.9733760611
4.7482919693,53.7411832212
4.75547480583,52.7421159161
4.78821086884,53.2095447886
4.79552292824,53.2831035265
4.80261588097,52.8745094018
4.80970883369,52.9741844877
4.8410718441,52.9230804178
4.84822583199,52.9490821399
4.85529899597,52.3970622817
4.88661885262,53.025421625
4.89377999306,52.7361674175
4.90086078644,53.6250041286
4.93293190002,52.9310617567
4.9401409626,53.3631526225
4.9472618103,52.2329944463
4.95437479019,52.6129980565
4.98174500465,53.1210507673
4.98890590668,52.9362673371
4.99598193169,53.6360686603
5.02745389938,53.7626704979
5.03503799438,53.5491150909
5.04284000397,52.6033530815
5.05007886887,53.3694344376
5.08186578751,53.551149485
5.08946180344,53.1999666327
5.09658885002,53.7661808032
5.13090491295,53.5696112096
5.13891601562,52.3564941024
5.17188286781,53.3129893843
5.17908382416,53.9821818439
5.18627381325,52.6090760156
5.1934158802,53.0728725196
5.22487688065,52.8647610113
5.23203587532,52.1253494475
5.23918700218,52.9827347791
5.27148580551,52.2010265388
5.27869582176,52.8534854542
5.28593993187,53.6904471812
5.31735491753,53.1673537693
5.32459878922,52.6782675686
5.3317489624,52.3009509772
5.36311078072,52.2274951271
5.37266182899,53.4616091692
5.38404893875,53.1954587279
5.41653585434,53.3689738367
5.426227808,53.5719270429
5.4343059063,52.8978226968
5.46577000618,52.7905713092
5.47295188904,53.0073085394
5.48003578186,53.3541263194
5.51147484779,52.8457417783
5.51864695549,53.0463436153
5.52573490143,52.6568784978
5.53285694122,53.2064865597
5.56018185616,53.6171545867
5.56731581688,53.5137055606
5.57436299324,53.4348430482
5.60648584366,52.4039269987
5.61362600327,53.2265861917
5.62079286575,52.5825538896
5.65212392807,53.5298727651
5.65931296349,52.3582868874
5.66638684273,53.2770071769
5.67351078987,53.4137189523
5.7048728466,53.4007161796
5.71204900742,51.7466950868
5.71918678284,52.7282535152
5.75591278076,53.3976749516
5.76312994957,52.9817129175
5.79583787918,52.7485100745
5.80305790901,52.4975030796
5.81012487411,53.9279486675
5.81721282005,52.9357628511
5.8507578373,52.7991543705
5.86437487602,53.2356114325
5.89488482475,53.5154873738
5.90216588974,52.3513353212
5.9094479084,53.7082174946
5.94100093842,53.3714745038
5.94827079773,52.8891191513
5.95546793938,53.1967705359
5.98682594299,53.007173057
5.99421596527,53.2220779304
6.00152087212,52.8214256353
6.00876283646,53.83541507
6.04026484489,53.8141817005
6.04923582077,53.2960469538
6.08338189125,53.2109145539
6.09321093559,52.4343093478
6.10360884666,52.6047428693
6.13948392868,53.2127061239
6.1473197937,53.3688878825
6.15625882149,53.7905291564
6.1840968132,53.4587308704
6.1913459301,52.2192013503
6.20003700256,53.2084282679
6.22992992401,53.2061050073
6.23713183403,53.3207763752
6.24421191216,52.7891097886
6.27592086792,52.7012453674
6.28349089622,53.9507695138
6.29060578346,54.0103971777
6.29771780968,53.0630011034
6.32905077934,53.6956995859
6.33619379997,52.405509109
6.34331583977,53.460174362
6.37466883659,53.4021877827
6.38183283806,53.1878900735
6.38899993896,53.048306758
6.4204249382,52.2328810713
6.42759084702,52.0794255167
6.43467879295,53.4534807905
6.44172787666,53.1566999061
6.47345590591,53.6725696363
6.48058795929,53.6669239321
6.48771286011,54.4180875581
6.51915788651,52.8833227665
6.5262658596,53.0120103355
6.53334498405,52.9987491595
6.56991791725,53.4784119887
6.58293294907,52.3189017407
6.62265896797,53.4404399708
6.65989398956,53.175269596
6.66713094711,52.545018709
6.67429280281,53.7299520298
6.68150401115,51.9757755567
6.70911192894,52.7806011822
6.71631193161,52.977241195
6.72346687317,52.8299003268
6.7306189537,54.0120366931
6.77139997482,52.2135024816
6.81425595284,52.7696098265
6.82191181183,53.7360867591
6.8550388813,53.5171786013
6.86223888397,52.8822763601
6.87084698677,53.097939368
6.90382385254,52.9293659817
6.9110019207,52.4872135789
6.9181098938,53.5885255295
6.92522096634,53.3531471611
6.95385098457,53.8573109689
6.96094679832,53.1794433024
6.96804881096,53.3729378958
6.9994199276,52.9339081424
7.00657296181,53.5336821081
7.01363682747,53.5790461935
7.04529690742,53.6552225715
7.05250191689,53.2914778953
7.05962991714,52.8041506801
7.09132790565,53.9414159851
7.09855890274,53.408443834
7.10567688942,53.6247607705
7.11280798912,53.7357810501
7.14065599442,53.5388034872
7.14784479141,53.2806548557
7.1549179554,53.2427444388
7.16201400757,53.6198338499
7.19365000725,53.2369122467
7.20074081421,53.3440348379
7.20781779289,53.6546639407
7.23918890953,53.7774224034
7.24630689621,53.2760810485
7.25337696075,52.7491248785
7.28612995148,52.8272157267
7.2956237793,53.7924191571
7.30307579041,53.1876432211
7.33563780785,53.2258204556
7.34278392792,51.8761542385
7.34989595413,52.8841749234
7.38175988197,52.9455726229
7.38895893097,53.5998103446
7.39609479904,52.4651468269
7.42746496201,53.3817793588
7.43463587761,53.0142058188
7.44179582596,53.4604547977
7.44890284538,54.150978801
7.4803609848,53.4014444331
7.48768782616,52.6941562349
7.49489498138,53.8157626537
7.52939891815,52.7462324063
7.54279589653,52.8755696075
7.57662081718,52.5407632165
7.58384490013,52.2782002689
7.59102201462,53.1517736047
7.63295197487,53.1885801014
7.67036890984,53.0123229006
7.67770195007,52.7688642006
7.68722891808,52.6088768294
7.72847795486,53.090674791
7.74095082283,52.862047104
7.7712059021,52.3965903166
7.78133487701,52.8006200709
7.81548595428,53.3528063512
7.82872891426,52.384034137
7.86639690399,53.7785735882
7.87549591064,53.9543719628
7.90980386734,52.7779411262
7.91705083847,52.7989389715
7.92696595192,53.3620350987
7.95930886269,53.0363565596
7.96648597717,53.2148844298
7.97362184525,53.4130924894
8.00496101379,53.0640370503
8.0121319294,52.7309126656
8.01919794083,53.2108435238
8.02625489235,54.0269877259
8.05767679214,53.4639282226
8.06712198257,53.4197157237
8.10490083694,53.1845811629
8.11858892441,53.0893101988
8.15655088425,51.9359904608
8.17013788223,53.6168874314
8.20805597305,53.4707611818
8.24594593048,52.4789480944
8.25963997841,52.3804816659
8.2998688221,54.1820795029
8.31377601624,53.3092258921
8.35284090042,53.1266993626
8.38781785965,53.7607336784
8.40126895905,53.8153619006
8.43633580208,53.5050151223
8.446352005,53.1336569585
8.45464682579,53.4075838935
8.49271297455,53.7179846878
8.50111079216,54.0486978043
8.53587579727,52.3372359338
8.5459189415,53.5267109378
8.5545809269,53.3440816734
8.59133386612,52.9902863393
8.59976387024,53.4319004569
8.63602685928,53.2534299436
8.64672589302,52.8633270678
8.67971992493,52.1592986075
8.6909968853,52.7995932106
8.72505283356,53.5462769302
8.73306488991,53.1817251552
8.74469685555,52.5611311136
8.77882194519,53.056889164
8.78887486458,52.7083307739
8.82451486588,52.9738861437
8.83332490921,52.4056676737
8.8714838028,53.5102299391
8.88180494308,52.6629496544
8.89035081863,53.0536396294
8.92492794991,53.3642362192
8.933177948,53.4402009989
8.96580290794,52.0055082571
8.97305583954,52.6869697634
8.98017597198,52.3119750776
9.01150298119,53.6557681463
9.01868486404,53.6002740649
9.02575397491,53.302452932
9.03285384178,53.1455905064
9.06543684006,52.9922678323
9.07374286652,53.1399353579
9.08249187469,53.1337193826
9.11002993584,52.7954256423
9.11730098724,53.6919164061
9.1247048378,53.7509864287
9.15658593178,52.8926426689
9.16372394562,53.6432853164
9.1707868576,52.8842929658
9.17786598206,52.9867835334
9.2092859745,52.7859041618
9.21648383141,53.4732640904
9.22365999222,53.4423793117
9.25100779533,52.7780101271
9.2581808567,52.8735283073
9.2652618885,53.4798124677
9.27232289314,53.1537361367
9.30372691154,53.8665475006
9.31087779999,53.6943999714
9.31798696518,53.3925471157
9.34934401512,53.5726459101
9.35654091835,53.0230939633
9.36365699768,53.1708224315
9.39491486549,53.0915549826
9.4023578167,53.1690934258
9.40987682343,52.4940040905
9.41708993912,52.6224877927
9.44875192642,53.3820039159
9.45617389679,52.1632390333
9.46350193024,53.846979673
9.49688100815,53.1616836523
9.50541901588,53.5047584211
9.51404881477,53.4139872393
9.5457649231,53.4003393892
9.55300498009,52.7599675856
9.56023001671,53.166630493
9.59209179878,53.1686870883
9.59934091568,52.6273211237
9.60654878616,54.0223080898
9.64230298996,53.4089878655
9.65331292152,53.8017837421
9.68941283226,52.4219086684
9.69705581665,53.0645347422
9.70589995384,52.9779579892
9.74241900444,53.6938773788
9.75155091286,53.5029858185
9.78776478767,53.6104393344
9.79924988747,52.3484113737
9.83602190018,52.8695100044
9.87787485123,52.5216842277
9.89088797569,52.82667821
9.92375898361,53.9698724982
9.93117380142,52.5404990056
9.94016480446,53.4184653172
9.97245287895,53.2331169954
9.97965598106,53.3454092749
9.986784935,53.0981104261
9.99389791489,53.7456706018
10.025302887,53.2525585275
10.0324788094,53.5978626197
10.0395638943,52.9547761497
10.0669198036,53.5860365943
10.0740959644,53.0542935644
10.0811808109,53.5894328346
10.0886049271,52.8058146071
10.1201310158,53.3024522768
10.1272358894,52.828476014
10.1343708038,52.3868428007
10.1660408974,52.8106136334
10.1732108593,53.168084542
10.1802749634,53.5672277504
10.2115938663,53.4903853458
10.2187860012,53.5004242692
10.2258579731,52.5069955326
10.2329599857,53.653102724
10.2602849007,53.1442450586
10.2675628662,53.030898981
10.2747368813,52.8548300979
10.2818849087,53.8937718138
10.3193089962,53.3723674122
10.3330798149,53.1390000611
10.3651928902,52.7084687731
10.3755099773,53.7171992442
10.4150338173,53.104448344
10.4523568153,52.0255152748
10.4619867802,52.1860777861
10.4731748104,53.7435205361
10.5105388165,53.7201959144
10.5203738213,53.3773313189
10.556871891,53.7908996953
10.5679719448,53.4525492476
10.6051898003,53.1368023969
10.6149868965,51.523429719
10.6496989727,53.1118223987
10.6570439339,53.6750139854
10.6935179234,52.4723910803
10.7072529793,53.6505979582
10.7401959896,53.1463978405
10.7474789619,52.5202486893
10.7578577995,53.3568489711
10.7932138443,53.8604114603
10.803082943,52.4149661345
10.8403069973,53.1218529871
10.8494517803,52.9658275712
10.883207798,53.3830323483
10.8937737942,53.5550048723
10.9010858536,53.4840111924
10.935505867,51.5074109691
10.9474329948,52.6291411894
10.9821279049,53.6667062603
10.996160984,54.1882043092
11.0310618877,53.3350140133
11.0408937931,52.707933792
11.0783989429,52.9246407485
11.0917220116,53.2966939742
11.1243829727,52.9613594335
11.1328628063,53.1606588161
11.1426877975,54.2251385891
11.1775619984,52.8241888448
11.1847128868,53.6231623275
11.1918399334,53.3970313142
11.2234659195,53.1608395953
11.2305619717,53.117866807
11.2376389503,53.9008416875
11.268974781,52.547320513
11.2761898041,52.883231791
11.2832779884,52.8834767373
11.2903988361,53.2845687042
11.3225238323,53.0640490676
11.3296430111,53.2176062569
11.336717844,53.0175081796
11.3680977821,53.0235852575
11.3752379417,53.7212118554
11.3823759556,52.4897154578
11.389549017,52.8164021951
11.4189519882,53.4272374905
11.4261119366,53.3163099841
11.4332249165,53.1369752293
11.4645638466,53.1456255185
11.4717299938,53.2840932967
11.4788329601,53.8285383485
11.5101659298,53.0258937649
11.517359972,53.1445641489
11.524518013,51.6049201708
11.5558488369,53.1755690472
11.5630478859,52.5146462401
11.5701518059,53.0737638971
11.5773308277,52.7863721835
11.6090729237,53.2842533877
11.6166949272,52.9472538646
11.6240448952,52.3349634573
11.6562209129,52.2998398741
11.6633348465,52.8964226152
11.6703948975,53.9496638075
11.6995379925,53.2256350569
11.7070438862,53.6480996801
11.7142047882,53.4320103495
11.7213709354,53.5483719409
11.7527189255,53.4184400161
11.7598428726,52.69568526
11.7669608593,53.8959464452
11.8005979061,52.9790829175
11.8091259003,53.7736361842
11.8171129227,53.070318755
11.8452048302,53.3941094751
11.8524179459,53.0850386156
11.8595240116,53.4303040803
11.890846014,52.7812619645
11.8983669281,53.5386081132
11.905479908,54.0066439081
11.9125699997,54.0546069254
11.943915844,52.6155529773
11.9510569572,52.7804927838
11.9581267834,53.4529864408
11.990582943,53.1111504049
11.9977347851,53.8152737339
12.0048317909,52.2903663681
12.0361559391,53.7269365109
12.0433428288,53.5039167487
12.0504148006,52.8023375463
12.0575230122,53.6273305551
12.0889298916,53.0994138079
12.0960760117,51.669607656
12.1031959057,52.6754552782
12.1349987984,53.8559853311
12.1421189308,53.5663298224
12.1491839886,53.6507060039
12.1804947853,53.579204842
12.1877110004,52.9679702394
12.1948778629,53.8215678112
12.2019908428,52.3169239106
12.2335028648,53.0555522511
12.2406299114,53.3783054204
12.2476868629,52.805661182
12.2794058323,53.1305493987
12.2865819931,52.0444470048
12.2937018871,53.5023450242
12.3007888794,52.2974640399
12.3281579018,52.8807079703
12.3352940083,53.4897627368
12.3423988819,52.9496116736
12.3495218754,52.6788533169
12.3769879341,52.7567849064
12.3841428757,52.2881524337
12.3912348747,53.2402728333
12.3983209133,52.8806930281
12.4257259369,52.8458665787
12.432902813,53.8777494406
12.4400207996,52.9847918146
12.4713709354,53.1467243287
12.4784958363,53.8018480066
12.4855818748,53.6583187196
12.5169279575,52.4619689119
12.5240428448,53.5313979433
12.5311169624,53.5676989069
12.5381770134,53.6077969656
12.5695838928,52.9090677507
12.5766808987,53.6906785382
12.5837099552,52.8042276153
12.6153209209,53.2761652949
12.6226148605,53.2498751111
12.6297118664,51.4795765905
12.6610867977,53.2141474418
12.6682829857,53.1976704272
12.6754148006,53.0731085512
12.7070999146,52.829613378
12.7146449089,52.7434569352
12.7222189903,53.4337957289
12.729377985,53.138500272
12.761305809,53.2259532123
12.7687399387,52.4131925251
12.7790668011,53.4361353516
12.8130888939,53.4526538332
12.8220798969,52.3730523005
12.8552858829,53.4989854327
12.8624088764,52.9341761573
12.8694999218,53.0253757948
12.9009339809,52.8241151321
12.9081158638,52.5147289566
12.9152519703,53.7165587969
12.9223659039,53.4613385836
12.9536869526,53.3960166637
12.9608278275,52.9541474298
12.9679329395,52.6967032396
12.9993548393,51.6851785971
13.0064849854,52.9690653479
13.0135509968,52.5715686766
13.0448889732,52.8653465187
13.0520689487,53.2246577882
13.0591468811,52.8975813249
13.0662260056,53.5519847339
13.0936069489,53.5125813726
13.1007509232,53.2485112559
13.1078438759,52.5367404418
13.139580965,53.1729408217
13.1467549801,51.6928500987
13.1538259983,52.8549316821
13.1609489918,53.140693146
13.1922898293,52.6803062775
13.1994547844,52.3266652411
13.2065439224,53.317715844
13.2379059792,53.0755935381
13.2450737953,52.6720897537
13.2521338463,52.8570982446
13.2835228443,53.4038786986
13.2907369137,53.6818732858
13.2978699207,52.9415422275
13.3050329685,52.7190389129
13.3413519859,53.5119778999
13.3791129589,53.4482946901
13.3929319382,53.3086211327
13.430464983,53.0167130327
13.4434809685,53.6223711607
13.4506108761,53.0192075288
13.4821479321,53.1146544922
13.4924747944,53.5100970019
13.5250518322,52.6073062064
13.5349450111,52.8663841336
13.5716238022,53.1523359051
13.5819849968,53.3493346734
13.5914127827,52.2327747743
13.628494978,53.2285186216
13.6365509033,53.243915949
13.6718788147,53.2219476448
13.6890518665,53.1102752322
13.7257988453,53.6496390921
13.7361769676,53.3842322953
13.7715499401,53.8023271612
13.78282094,53.4837982907
13.8173689842,53.35411919
13.8270328045,52.9953833221
13.8618428707,53.6184717802
13.8713109493,53.5840579973
13.8802399635,52.8267490124
13.9214148521,53.179122243
13.9599838257,53.7719545994
13.9715127945,53.1495470542
14.0098569393,53.4181622254
14.0174520016,53.1752815058
14.0260448456,53.1221770279
14.0633268356,53.1557284121
14.1019659042,53.7663369623
14.1194880009,53.8362339072
14.1581189632,53.5258386844
14.1959729195,52.2832123981
14.2095029354,53.5961784414
14.2450559139,52.4713360448
14.2522578239,52.7372156323
14.2594108582,53.6585268862
14.2665889263,53.204093211
14.3085229397,53.2263725034
14.3427770138,52.9096838369
14.3526790142,53.6179833788
14.3902468681,53.4927055117
14.3974518776,52.9746842433
14.4045579433,53.3812403865
14.4358718395,53.0053577113
14.4431009293,52.5898739102
14.4501719475,53.5323088309
14.4572379589,53.6153736087
14.4889509678,52.8791640165
14.4961049557,53.1531433512
14.5031609535,53.5250253072
14.534514904,53.3982934729
14.5416738987,53.4639643213
14.5487070084,53.1270407712
14.5800600052,52.9403846173
14.5872318745,53.1514990149
14.5943329334,52.9220437251
14.6014199257,52.8952564246
14.638119936,53.5630344715
14.6760418415,53.449833036
14.6833088398,53.0925393445
14.6906998158,53.4478278135
14.697925806,53.1212050986
14.7253298759,53.0386975412
14.737787962,51.60862338
14.7454648018,53.4657422271
14.7769289017,52.5986040806
14.7841229439,53.5709124534
14.7912888527,53.4966493596
14.8227419853,52.9624278852
14.829928875,53.3643839847
14.8371348381,53.4465911856
14.8745639324,53.3220029128
14.8846988678,53.7008866628
14.9204227924,53.2959188949
14.9317109585,53.5216224499
14.9663658142,53.6506468721
14.9797179699,52.8907665077
15.011631012,53.5942315731
15.0252158642,53.9244529058
15.0338468552,52.809016139
15.0673799515,53.5478258863
15.0776138306,53.649619646
15.111825943,53.8208359592
15.1235129833,53.6391935093
15.1579978466,52.2008687668
15.1662218571,53.696805561
15.1760809422,52.5964969446
15.2123739719,52.9177633415
15.2224459648,53.3089367384
15.2565639019,53.1550000765
15.2655279636,53.2884995604
15.2989118099,53.0281805437
15.3110308647,53.1698770287
15.3213758469,53.3703002563
15.3561179638,53.5350891042
15.3652379513,53.4036940865
15.3976919651,52.5505248643
15.4064018726,52.1003530926
15.414511919,53.4832933742
15.4468739033,53.2188404045
15.4540259838,53.2937654289
15.4611139297,53.4211792475
15.4924519062,53.2535858644
15.4996287823,53.054135997
15.5067138672,53.5252121772
15.5137898922,53.3279453354
15.5451958179,53.8564014115
15.5523529053,52.8404087046
15.5594718456,53.4463638246
15.5908308029,53.6672832802
15.5979838371,53.5904628976
15.6050598621,53.7327362952
15.6365568638,53.6088270423
15.6437838078,52.9425075887
15.6509418488,52.5779943688
15.6580488682,52.9141150587
15.6899077892,52.6732456344
15.6970980167,53.3529189894
15.7041819096,53.0787817408
15.7315778732,53.1790260488
15.7388739586,52.6740707648
15.7459778786,53.1760009139
15.7530620098,52.3547332985
15.7892529964,53.1239273855
15.8270277977,53.3513915317
15.8342998028,53.6363806146
15.841534853,52.8974652599
15.8835408688,52.0485704594
15.8992087841,52.6191092141
15.9342319965,52.4174696445
15.9735989571,53.2505894495
15.9901108742,53.4175897518
16.0245540142,53.5593667236
16.0346047878,52.3229691365
16.0672588348,54.1194707289
16.0870738029,53.1850634102
16.1288509369,53.4785392182
16.1650278568,54.0260539212
16.1814889908,53.3116570873
16.2227067947,52.5290493128
16.261608839,52.8719046954
16.2773549557,53.7551529199
16.3124308586,53.0317272267
16.3199369907,53.2827279962
16.3303627968,53.3126344198
16.3659448624,53.1166638773
16.3737509251,53.0012140369
16.4100179672,53.5696341765
16.4196519852,53.8588360731
16.4541008472,53.3816133694
16.464222908,53.5746526981
16.4733288288,52.4266699304
16.5065629482,53.6962320034
16.5171809196,53.5408184045
16.5516428947,51.7387058925
16.563338995,53.1226099402
16.5705769062,52.9488915617
16.6053199768,53.4181575736
16.6131949425,53.4893311655
16.6490638256,53.5196378795
16.6579239368,53.445578969
16.6650538445,53.6028165491
16.6967539787,53.5792693942
16.7039318085,53.3521388302
16.7110178471,52.6766896395
16.7180709839,52.3845236501
16.7454769611,53.4666434356
16.7526137829,53.1749321436
16.759734869,53.0769247241
16.7910888195,53.4459514695
16.7982699871,53.4328238301
16.8053607941,53.9331272712
16.8367328644,52.9689506724
16.8439819813,54.1224606871
16.851184845,53.9164537734
16.8583769798,53.503906824
16.894245863,53.5315123052
16.9016427994,52.6038197045
16.9349138737,52.5681420372
