0.0303239822388,76.4872508542
0.0357670783997,75.0
0.0420951843262,75.0
0.0767409801483,75.0
0.0854661464691,75.0
0.0912821292877,75.0
0.122584104538,75.0
0.128350973129,75.0
0.133892059326,75.0
0.139360189438,75.0
0.144953966141,75.0
0.179850101471,75.0
0.189514160156,75.0
0.222660064697,75.0
0.232542991638,75.0
0.266067028046,75.0
0.271588087082,75.0
0.280801057816,75.0
0.315589189529,75.0
0.326864004135,75.0
0.365880966187,75.0
0.373710155487,75.0
0.380298137665,75.0
0.412955999374,75.0
0.419819116592,75.0
0.426149129868,75.0
0.432578086853,75.0
0.469289064407,75.0
0.478098154068,75.0
0.510501146317,75.0
0.51681804657,75.0
0.522940158844,75.0
0.52877497673,75.0
0.56360912323,75.0
0.575760126114,75.0
0.605971097946,75.0
0.611783027649,75.0
0.617809057236,75.0
0.62363910675,75.0
0.654050111771,75.0
0.65989613533,75.0
0.665994167328,75.0
0.671823978424,75.0
0.70193696022,75.0
0.707808017731,75.0
0.71413898468,75.0
0.719933986664,75.0
0.750998973846,75.0
0.757055044174,75.0
0.763530015945,75.0
0.79450917244,75.0
0.804113149643,75.0
0.815170049667,75.0
0.849205970764,75.0
0.856672048569,75.0
0.864021062851,75.0
0.898869037628,75.0
0.909459114075,75.0
0.915670156479,75.0
0.942312002182,75.0
0.950595140457,75.0
0.956453084946,75.0
0.963850021362,75.0
0.990267038345,75.0
0.99614906311,75.0
1.00198411942,75.0
1.00780296326,75.0
1.04140019417,75.0
1.05153298378,75.0
1.08810710907,75.0
1.10000109673,75.0
1.13590407372,75.0
1.14991211891,75.0
1.18402504921,75.0
1.19303917885,75.0
1.19887518883,75.0
1.22887206078,75.0
1.23670911789,75.0
1.24290800095,75.0
1.27421402931,75.0
1.28001713753,75.0
1.28582501411,75.0
1.29165005684,75.0
1.3223400116,75.0
1.33176708221,75.0
1.33755397797,75.0
1.3432571888,75.0
1.37339115143,75.0
1.379155159,75.0
1.38490104675,75.0
1.39063215256,75.0
1.42368602753,75.0
1.42954897881,75.0
1.43527913094,75.0
1.44221305847,75.0
1.47013401985,75.0
1.47591018677,75.0
1.48163199425,75.0
1.48738098145,75.0
1.51739096642,75.0
1.52318716049,75.0
1.52892518044,75.0
1.53463697433,75.0
1.54035115242,75.0
1.56643104553,75.0
1.572245121,75.0
1.57800507545,75.0
1.5837199688,75.0
1.60978412628,75.0
1.61559700966,75.0
1.62135100365,75.0
1.62709212303,75.0
1.63281297684,75.0
1.66284108162,75.0
1.66861104965,75.0
1.6743490696,75.0
1.68008708954,75.0
1.70608997345,75.0
1.71193599701,75.0
1.71787118912,75.0
1.72424316406,75.0
1.75427913666,75.0
1.76018619537,75.0
1.76602697372,75.0
1.77178907394,75.0
1.80183196068,75.0
1.80766105652,75.0
1.81337308884,75.0
1.81910705566,75.0
1.82482004166,75.0
1.85561299324,75.0
1.86154413223,75.0
1.86761116982,75.0
1.8733689785,75.0
1.89941000938,75.0
1.90522813797,75.0
1.91098999977,75.0
1.91669201851,75.0
1.94733500481,75.0
1.95573210716,75.0
1.96152305603,75.0
1.96841716766,75.0
1.99854111671,75.0
2.00435614586,75.0
2.01014709473,75.0
2.01594614983,75.0
2.04613518715,75.0
2.0519349575,75.0
2.05775213242,75.0
2.06348609924,75.0
2.09521007538,75.0
2.10225105286,75.0
2.10807800293,75.0
2.11514115334,75.0
2.14131307602,75.0
2.14711213112,75.0
2.1528570652,75.0
2.1586151123,75.0
2.16437506676,75.0
2.19048500061,75.0
2.19625306129,75.0
2.20199799538,75.0
2.20770406723,75.0
2.23796415329,75.0
2.24375605583,75.0
2.24950003624,75.0
2.25526213646,75.0
2.2854180336,75.0
2.29117012024,75.0
2.29687213898,75.0
2.30261397362,75.0
2.33265519142,75.0
2.33848309517,75.0
2.34421014786,75.0
2.34990906715,75.0
2.38030695915,75.0
2.38618016243,75.0
2.39195799828,75.0
2.39768695831,75.0
2.42850518227,75.0
2.43438506126,75.0
2.44012308121,75.0
2.44589710236,75.0
2.4758951664,75.0
2.48167800903,75.0
2.48736000061,75.0
2.49308419228,75.0
2.52302217484,75.0
2.52874898911,75.0
2.53442502022,75.0
2.54010009766,75.0
2.57003903389,75.0
2.57583498955,75.0
2.58164215088,75.0
2.5926220417,75.0
2.62469315529,75.0
2.63052415848,75.0
2.63634705544,75.0
2.66716313362,75.0
2.67678713799,75.0
2.68261408806,75.0
2.71403717995,75.0
2.71987915039,75.0
2.72569108009,75.0
2.73146104813,75.0
2.76153898239,75.0
2.76731419563,75.0
2.7730550766,75.0
2.77875113487,75.0
2.78448915482,75.0
2.81046009064,75.0
2.81626605988,75.0
2.8220140934,75.0
2.82778000832,75.0
2.83359718323,75.0
2.86017799377,75.0
2.86645913124,75.0
2.87218618393,75.0
2.87793707848,75.0
2.90796804428,75.0
2.91374897957,75.0
2.91946315765,75.0
2.92515611649,75.0
2.93089413643,75.0
2.95722913742,75.0
2.9629881382,75.0
2.96873998642,75.0
2.97448301315,75.0
3.00449609756,75.0
3.01032400131,75.0
3.01608705521,75.0
3.02184915543,75.0
3.05358815193,75.0
3.06104111671,75.0
3.06679606438,75.0
3.07396316528,75.0
3.10143613815,75.0
3.11126303673,75.0
3.11714696884,75.0
3.14773106575,75.0
3.15362000465,75.0
3.15937519073,75.0
3.16509509087,75.0
3.19507718086,75.0
3.20091199875,75.0
3.20669102669,75.0
3.21241807938,75.0
3.24258112907,75.0
3.24838805199,75.0
3.25415015221,75.0
3.25986909866,75.0
3.28983807564,75.0
3.29569005966,75.0
3.30140900612,75.0
3.3071231842,75.0
3.31286096573,75.0
3.3428940773,75.0
3.34867215157,75.0
3.35442113876,75.0
3.36012411118,75.0
3.3905081749,75.0
3.39627218246,75.0
3.40199303627,75.0
3.40774106979,75.0
3.43776416779,75.0
3.44347715378,75.0
3.44918608665,75.0
3.45491099358,75.0
3.46062612534,75.0
3.48688197136,75.0
3.49263906479,75.0
3.49839305878,75.0
3.50413298607,75.0
3.53012609482,75.0
3.53597712517,75.0
3.54170298576,75.0
3.54739999771,75.0
3.5773601532,75.0
3.5831849575,75.0
3.58891916275,75.0
3.59471917152,75.0
3.600440979,75.0
3.63249206543,75.0
3.63828110695,75.0
3.64402914047,75.0
3.67404508591,75.0
3.67983317375,75.0
3.68556308746,75.0
3.69130110741,75.0
3.72129297256,75.0
3.72718596458,75.0
3.73292303085,75.0
3.73859405518,75.0
3.74431109428,75.0
3.77564811707,75.0
3.78148198128,75.0
3.78729701042,75.0
3.81757903099,75.0
3.82764601707,75.0
3.8335211277,75.0
3.83933615685,75.0
3.86948609352,75.0
3.87901210785,75.0
3.88487815857,75.0
3.91670012474,75.0
3.92440605164,75.0
3.93163013458,75.0
3.93849897385,75.0
3.96520614624,75.0
3.97104310989,75.0
3.97678613663,75.0
3.98255205154,75.0
3.98826408386,75.0
4.02185416222,75.0
4.0319981575,75.0
4.062926054,75.0
4.07100200653,75.0
4.07833003998,75.0
4.10884904861,75.0
4.11484718323,75.0
4.12125301361,75.0
4.15601396561,75.0
4.16416096687,75.0
4.1742310524,75.0
4.20829105377,75.0
4.21858215332,75.0
4.24995112419,75.0
4.2557721138,75.0
4.26158499718,75.0
4.26734519005,75.0
4.29871201515,75.0
4.30795097351,75.0
4.31396198273,75.0
4.34648919106,75.0
4.35240316391,75.0
4.35829114914,75.0
4.36917114258,75.0
4.39564800262,75.0
4.40287303925,75.0
4.41154813766,75.0
4.44220519066,75.0
4.44802308083,75.0
4.45391511917,75.0
4.45974302292,75.0
4.49007511139,75.0
4.49592113495,75.0
4.50179600716,75.0
4.50762796402,75.0
4.53769898415,75.0
4.5435230732,75.0
4.54992413521,75.0
4.55913305283,75.0
4.59090018272,75.0
4.5991101265,75.0
4.60526800156,75.0
4.63553500175,75.0
4.6414680481,75.0
4.64721012115,75.0
4.65291118622,75.0
4.68286418915,75.0
4.68878698349,75.0
4.6944770813,75.0
4.70018911362,75.0
4.73059415817,75.0
4.73641300201,75.0
4.74217796326,75.0
4.74793696404,75.0
4.77949905396,75.0
4.78675413132,75.0
4.79254698753,75.0
4.79831814766,75.0
4.83146500587,75.0
4.8440849781,75.0
4.87975215912,75.0
4.89092803001,75.0
4.92702317238,75.0
4.93715810776,75.0
4.97156000137,75.0
4.9818379879,75.0
4.99212908745,75.0
5.02934813499,75.0
5.0653181076,75.0
5.07146716118,75.0
5.07726097107,75.0
5.08529019356,75.0
5.11940002441,75.0
5.12610697746,75.0
5.13280010223,75.0
5.16363096237,75.0
5.16940498352,75.0
5.17570519447,75.0
5.18143510818,75.0
5.21180415154,75.0
5.21786403656,75.0
5.22366499901,75.0
5.22968506813,75.0
5.23544812202,75.0
5.26412415504,75.0
5.27118802071,75.0
5.27795004845,75.0
5.28431010246,75.0
5.31068301201,75.0
5.31647801399,75.0
5.32222008705,75.0
5.32801818848,75.0
5.35414218903,75.0
5.35993814468,75.0
5.36564898491,75.0
5.37142300606,75.0
5.40137004852,75.0
5.4071969986,75.0
5.41296505928,75.0
5.41875100136,75.0
5.45041799545,75.0
5.45635914803,75.0
5.46213316917,75.0
5.46786618233,75.0
5.49794411659,75.0
5.50374317169,75.0
5.50945115089,75.0
5.51518011093,75.0
5.52086806297,75.0
5.55084109306,75.0
5.55661296844,75.0
5.56234097481,75.0
5.56803917885,75.0
5.59805297852,75.0
5.60380315781,75.0
5.60950613022,75.0
5.6152510643,75.0
5.64730000496,75.0
5.65311408043,75.0
5.65888619423,75.0
5.66459798813,75.0
5.69459700584,75.0
5.70036506653,75.0
5.70612311363,75.0
5.71186208725,75.0
5.74201798439,75.0
5.74779105186,75.0
5.75354719162,75.0
5.75928497314,75.0
5.78927707672,75.0
5.79509305954,75.0
5.80083918571,75.0
5.80659008026,75.0
5.83662009239,75.0
5.84248209,75.0
5.84823608398,75.0
5.85398101807,75.0
5.88401508331,75.0
5.88987517357,75.0
5.89566898346,75.0
5.90148806572,75.0
5.93207216263,75.0
5.93789505959,75.0
5.94369316101,75.0
5.94949817657,75.0
5.97965812683,75.0
5.98554110527,75.0
5.99335098267,75.0
6.02576708794,75.0
6.03776717186,75.0
6.07604408264,75.0
6.08513998985,75.0
6.09098410606,75.0
6.12272000313,75.0
6.13154315948,75.0
6.1373770237,75.0
6.1447019577,75.0
6.1740591526,75.0
6.18201518059,75.0
6.18801808357,75.0
6.21939015388,75.0
6.22522997856,75.0
6.23099017143,75.0
6.23672509193,75.0
6.26701998711,75.0
6.27283596992,75.0
6.27917599678,75.0
6.28492617607,75.0
6.317248106,75.0
6.32311606407,75.0
6.32917308807,75.0
6.33499503136,75.0
6.3407201767,75.0
6.36705899239,75.0
6.37560796738,75.0
6.38146400452,75.0
6.38839006424,75.0
6.41493415833,75.0
6.42068314552,75.0
6.42644715309,75.0
6.43262815475,75.0
6.46434116364,75.0
6.47024917603,75.0
6.4760260582,75.0
6.50599098206,75.0
6.51177096367,75.0
6.51752495766,75.0
6.52321815491,75.0
6.52892303467,75.0
6.56314015388,75.0
6.57333302498,75.0
6.60767507553,75.0
6.61789298058,75.0
6.65082907677,75.0
6.65670514107,75.0
6.66255617142,75.0
6.66849803925,75.0
6.70343708992,75.0
6.71001005173,75.0
6.71764397621,75.0
6.74965119362,75.0
6.75799608231,75.0
6.76388597488,75.0
6.79402303696,75.0
6.803565979,75.0
6.81374502182,75.0
6.84514498711,75.0
6.8515381813,75.0
6.85754299164,75.0
6.89161109924,75.0
6.89953899384,75.0
6.90540504456,75.0
6.91261816025,75.0
6.94684314728,75.0
6.95701503754,75.0
6.98882198334,75.0
6.99518418312,75.0
7.0039961338,75.0
7.03409314156,75.0
7.04000711441,75.0
7.04588317871,75.0
7.05548810959,75.0
7.08637905121,75.0
7.09588217735,75.0
7.1045730114,75.0
7.13548707962,75.0
7.14143109322,75.0
7.14730596542,75.0
7.17754912376,75.0
7.18735909462,75.0
7.19363713264,75.0
7.22624015808,75.0
7.23212003708,75.0
7.23786997795,75.0
7.24692296982,75.0
7.27736115456,75.0
7.28311610222,75.0
7.28888702393,75.0
7.29463005066,75.0
7.30034303665,75.0
7.32637906075,75.0
7.33210706711,75.0
7.33781814575,75.0
7.34353518486,75.0
7.36944699287,75.0
7.37525606155,75.0
7.38101005554,75.0
7.386729002,75.0
7.39242506027,75.0
7.42241597176,75.0
7.42822313309,75.0
7.43405508995,75.0
7.44025301933,75.0
7.47246408463,75.0
7.47901916504,75.0
7.48498606682,75.0
7.51656699181,75.0
7.52236819267,75.0
7.52810811996,75.0
7.53385305405,75.0
7.56384015083,75.0
7.56964015961,75.0
7.57536697388,75.0
7.58112502098,75.0
7.61109519005,75.0
7.61685419083,75.0
7.62260007858,75.0
7.62835907936,75.0
7.65924096107,75.0
7.6662530899,75.0
7.67196702957,75.0
7.67769503593,75.0
7.70764708519,75.0
7.71354103088,75.0
7.71926116943,75.0
7.72496008873,75.0
7.75494813919,75.0
7.76076102257,75.0
7.76650214195,75.0
7.77224302292,75.0
7.80226302147,75.0
7.80805015564,75.0
7.81377005577,75.0
7.81951117516,75.0
7.84949207306,75.0
7.85529518127,75.0
7.86100816727,75.0
7.86675405502,75.0
7.87258505821,75.0
7.90302705765,75.0
7.90886902809,75.0
7.91471505165,75.0
7.92086005211,75.0
7.95406603813,75.0
7.95990300179,75.0
7.96584200859,75.0
7.99894309044,75.0
8.00626897812,75.0
8.01301717758,75.0
8.04555916786,75.0
8.05278015137,75.0
8.059278965,75.0
8.09025096893,75.0
8.09605908394,75.0
8.10179901123,75.0
8.10750818253,75.0
8.13760018349,75.0
8.14401698112,75.0
8.14983797073,75.0
8.15577507019,75.0
8.18644404411,75.0
8.19560098648,75.0
8.20146417618,75.0
8.20853114128,75.0
8.23873901367,75.0
8.24451518059,75.0
8.25024914742,75.0
8.25596404076,75.0
8.28596115112,75.0
8.29172611237,75.0
8.29748511314,75.0
8.30321717262,75.0
8.33322811127,75.0
8.33899998665,75.0
8.34474301338,75.0
8.3504960537,75.0
8.38053417206,75.0
8.38644099236,75.0
8.39221215248,75.0
8.3979101181,75.0
8.4282271862,75.0
8.43404698372,75.0
8.43985509872,75.0
8.44559812546,75.0
8.47765302658,75.0
8.48347496986,75.0
8.48949813843,75.0
8.49533009529,75.0
8.52821397781,75.0
8.53454613686,75.0
8.5404009819,75.0
8.57120609283,75.0
8.58166599274,75.0
8.58764910698,75.0
8.61908602715,75.0
8.6267490387,75.0
8.63409113884,75.0
8.665320158,75.0
8.67152118683,75.0
8.6774020195,75.0
8.68321418762,75.0
8.71318697929,75.0
8.72344613075,75.0
8.73309111595,75.0
8.76741814613,75.0
8.77744102478,75.0
8.78329801559,75.0
8.80941510201,75.0
8.81901717186,75.0
8.8250310421,75.0
8.83230304718,75.0
8.86647295952,75.0
8.88026499748,75.0
8.91086602211,75.0
8.92084002495,75.0
8.9267551899,75.0
8.96052098274,75.0
8.96808218956,75.0
8.97445607185,75.0
9.00560307503,75.0
9.01401209831,75.0
9.02113413811,75.0
9.05226206779,75.0
9.05869197845,75.0
9.06453204155,75.0
9.07027506828,75.0
9.07610917091,75.0
9.10270309448,75.0
9.10846209526,75.0
9.1142179966,75.0
9.11997199059,75.0
9.1499581337,75.0
9.15573000908,75.0
9.16143512726,75.0
9.16720819473,75.0
9.19905900955,75.0
9.20572113991,75.0
9.21203303337,75.0
9.24330615997,75.0
9.24914908409,75.0
9.2548789978,75.0
9.26060414314,75.0
9.29062914848,75.0
9.29645204544,75.0
9.30220508575,75.0
9.30791711807,75.0
9.33792614937,75.0
9.34375596046,75.0
9.34955096245,75.0
9.35526609421,75.0
9.36100912094,75.0
9.38736200333,75.0
9.39318919182,75.0
9.39893603325,75.0
9.40464305878,75.0
9.4347679615,75.0
9.44065999985,75.0
9.44652509689,75.0
9.45236802101,75.0
9.48333907127,75.0
9.49029612541,75.0
9.49611902237,75.0
9.50192403793,75.0
9.53689718246,75.0
9.5428071022,75.0
9.54957914352,75.0
9.58227205276,75.0
9.58924818039,75.0
9.59648418427,75.0
9.62781500816,75.0
9.63373613358,75.0
9.63991618156,75.0
9.64573812485,75.0
9.67711114883,75.0
9.68560600281,75.0
9.69145107269,75.0
9.70084810257,75.0
9.72695398331,75.0
9.73274803162,75.0
9.73864412308,75.0
9.74440717697,75.0
9.77442407608,75.0
9.78021502495,75.0
9.78594303131,75.0
9.79167199135,75.0
9.81770515442,75.0
9.82356309891,75.0
9.82931399345,75.0
9.8370821476,75.0
9.87149500847,75.0
9.8817050457,75.0
9.91532802582,75.0
9.92128205299,75.0
9.92708802223,75.0
9.93335103989,75.0
9.96352815628,75.0
9.96946501732,75.0
9.97894597054,75.0
10.0104019642,75.0
10.0175139904,75.0
10.0235331059,75.0
10.0328280926,75.0
10.0629751682,75.0
10.0688111782,75.0
10.0747931004,75.0
10.0806469917,75.0
10.1078879833,75.0
10.1181051731,75.0
10.1282351017,75.0
10.1573491096,75.0
10.1651980877,75.0
10.1730949879,75.0
10.2058579922,75.0
10.2204010487,75.0
10.2525069714,75.0
10.2584171295,75.0
10.2642490864,75.0
10.2983679771,75.0
10.3059470654,75.0
10.3142931461,75.0
10.3493130207,75.0
10.3575100899,75.0
10.3660821915,75.0
10.3969810009,75.0
10.403799057,75.0
10.4129300117,75.0
10.4563770294,75.0
10.4643080235,75.0
10.4924931526,75.0
10.5091311932,75.0
10.5414841175,75.0
10.5473930836,75.0
10.5533440113,75.0
10.5599031448,75.0
10.5908169746,75.0
10.5967140198,75.0
10.6037859917,75.0
10.6408910751,75.0
10.6533911228,75.0
10.685983181,75.0
10.6921901703,75.0
10.6982190609,75.0
10.7073011398,75.0
10.737981081,75.0
10.7439110279,75.0
10.7499921322,75.0
10.7810530663,75.0
10.7929129601,75.0
10.7990541458,75.0
10.8342881203,75.0
10.8455309868,75.0
10.8514041901,75.0
10.877644062,75.0
10.8849179745,75.0
10.8932290077,75.0
10.9272940159,75.0
10.9377219677,75.0
10.9439520836,75.0
10.9751291275,75.0
10.9841690063,75.0
11.0184600353,75.0
11.028594017,75.0
11.0387699604,75.0
11.0741291046,75.0
11.0825591087,75.0
11.0883741379,75.0
11.1193189621,75.0
11.1295289993,75.0
11.1353530884,75.0
11.1674389839,75.0
11.1733360291,75.0
11.1819820404,75.0
11.2134590149,75.0
11.2213680744,75.0
11.2272260189,75.0
11.258534193,75.0
11.264343977,75.0
11.2701060772,75.0
11.2758550644,75.0
11.3061761856,75.0
11.3121051788,75.0
11.3179471493,75.0
11.3237621784,75.0
11.3295581341,75.0
11.3557209969,75.0
11.3650140762,75.0
11.3751311302,75.0
11.4039130211,75.0
11.4098751545,75.0
11.4156861305,75.0
11.4215450287,75.0
11.4565069675,75.0
11.4667329788,75.0
11.5003051758,75.0
11.5099961758,75.0
11.5166561604,75.0
11.5483090878,75.0
11.5541331768,75.0
11.5616550446,75.0
11.5687050819,75.0
11.5989201069,75.0
11.6047160625,75.0
11.6104590893,75.0
11.6161460876,75.0
11.6461570263,75.0
11.6519391537,75.0
11.65766716,75.0
11.6634321213,75.0
11.6937170029,75.0
11.6995720863,75.0
11.7053830624,75.0
11.7111570835,75.0
11.7442381382,75.0
11.7543799877,75.0
11.7887861729,75.0
11.7990531921,75.0
11.8333899975,75.0
11.8395040035,75.0
11.8454291821,75.0
11.8516490459,75.0
11.8859100342,75.0
11.8939390182,75.0
11.9009430408,75.0
11.9320759773,75.0
11.9378941059,75.0
11.9449341297,75.0
11.9522130489,75.0
11.9823720455,75.0
11.9881830215,75.0
11.9939479828,75.0
11.9996981621,75.0
12.0300521851,75.0
12.0358431339,75.0
12.0416200161,75.0
12.0473821163,75.0
12.0776700974,75.0
12.0834569931,75.0
12.0891990662,75.0
12.0949440002,75.0
12.1249601841,75.0
12.1307601929,75.0
12.1364901066,75.0
12.1422150135,75.0
12.1722121239,75.0
12.1780221462,75.0
12.1837720871,75.0
12.1895031929,75.0
12.1952111721,75.0
12.2224800587,75.0
12.2302119732,75.0
12.2366070747,75.0
12.2677750587,75.0
12.276045084,75.0
12.2870481014,75.0
12.3186509609,75.0
12.3248929977,75.0
12.3347971439,75.0
12.3664271832,75.0
12.374078989,75.0
12.3839550018,75.0
12.417235136,75.0
12.4230701923,75.0
12.4302501678,75.0
12.4604361057,75.0
12.4705410004,75.0
12.4776740074,75.0
12.5085501671,75.0
12.5143370628,75.0
12.5200631618,75.0
12.5257911682,75.0
12.5562851429,75.0
12.5623891354,75.0
12.5681750774,75.0
12.5739560127,75.0
12.6039681435,75.0
12.6097400188,75.0
12.6154561043,75.0
12.6212410927,75.0
12.6529359818,75.0
12.6630840302,75.0
12.6698710918,75.0
12.7000350952,75.0
12.705904007,75.0
12.7117700577,75.0
12.7179090977,75.0
12.7481310368,75.0
12.7540609837,75.0
12.7631809711,75.0
12.7939870358,75.0
12.8013050556,75.0
12.8070850372,75.0
12.8157310486,75.0
12.8459169865,75.0
12.8517141342,75.0
12.8574340343,75.0
12.8632240295,75.0
12.8933041096,75.0
12.899091959,75.0
12.9048120975,75.0
12.9104990959,75.0
12.9407789707,75.0
12.9465901852,75.0
12.9523510933,75.0
12.9581100941,75.0
12.9892530441,75.0
12.9973130226,75.0
13.0031340122,75.0
13.0352239609,75.0
13.045415163,75.0
13.0545489788,75.0
13.0854251385,75.0
13.0912899971,75.0
13.0975110531,75.0
13.1033761501,75.0
13.1340329647,75.0
13.139947176,75.0
13.1489450932,75.0
13.1811361313,75.0
13.1896781921,75.0
13.1986541748,75.0
13.2315511703,75.0
13.2384331226,75.0
13.2469580173,75.0
13.2776250839,75.0
13.2835850716,75.0
13.2894389629,75.0
13.3233280182,75.0
13.3299200535,75.0
13.3384180069,75.0
13.3713991642,75.0
13.3787951469,75.0
13.3848471642,75.0
13.3906271458,75.0
13.420771122,75.0
13.4265220165,75.0
13.432226181,75.0
13.4379210472,75.0
